<?xml version="1.0" encoding="UTF-8"?>
<testng-results skipped="0" failed="0" ignored="0" total="1" passed="1">
  <reporter-output>
  </reporter-output>
  <suite name="MySuite" duration-ms="6470" started-at="2018-10-09T03:15:33Z" finished-at="2018-10-09T03:15:39Z">
    <groups>
    </groups>
    <test name="MyTest" duration-ms="6470" started-at="2018-10-09T03:15:33Z" finished-at="2018-10-09T03:15:39Z">
      <class name="com.gautham.Practise.MyPractise.AppTest">
        <test-method status="PASS" signature="main()[pri:0, instance:com.gautham.Practise.MyPractise.AppTest@62ee68d8]" name="main" duration-ms="6453" started-at="2018-10-09T03:15:33Z" finished-at="2018-10-09T03:15:39Z">
          <reporter-output>
          </reporter-output>
        </test-method> <!-- main -->
      </class> <!-- com.gautham.Practise.MyPractise.AppTest -->
    </test> <!-- MyTest -->
  </suite> <!-- MySuite -->
</testng-results>
