<?xml version="1.0" encoding="UTF-8"?>
<testng-results skipped="0" failed="0" ignored="0" total="3" passed="3">
  <reporter-output>
  </reporter-output>
  <suite name="MySuite" duration-ms="6676" started-at="2018-10-09T03:26:18Z" finished-at="2018-10-09T03:26:24Z">
    <groups>
    </groups>
    <test name="MyTest" duration-ms="6676" started-at="2018-10-09T03:26:18Z" finished-at="2018-10-09T03:26:24Z">
      <class name="com.gautham.Practise.MyPractise.AppTest">
        <test-method status="PASS" signature="main()[pri:0, instance:com.gautham.Practise.MyPractise.AppTest@62ee68d8]" name="main" duration-ms="6659" started-at="2018-10-09T03:26:18Z" finished-at="2018-10-09T03:26:24Z">
          <reporter-output>
          </reporter-output>
        </test-method> <!-- main -->
        <test-method status="PASS" signature="main2()[pri:0, instance:com.gautham.Practise.MyPractise.AppTest@62ee68d8]" name="main2" duration-ms="0" started-at="2018-10-09T03:26:24Z" finished-at="2018-10-09T03:26:24Z">
          <reporter-output>
          </reporter-output>
        </test-method> <!-- main2 -->
        <test-method status="PASS" signature="main3()[pri:0, instance:com.gautham.Practise.MyPractise.AppTest@62ee68d8]" name="main3" duration-ms="0" started-at="2018-10-09T03:26:24Z" finished-at="2018-10-09T03:26:24Z">
          <reporter-output>
          </reporter-output>
        </test-method> <!-- main3 -->
      </class> <!-- com.gautham.Practise.MyPractise.AppTest -->
    </test> <!-- MyTest -->
  </suite> <!-- MySuite -->
</testng-results>
