<?xml version="1.0" encoding="UTF-8"?>
<!-- Generated by org.testng.reporters.JUnitXMLReporter -->
<testsuite hostname="LAPTOP-R8B4IRJC" ignored="0" name="MyTest" tests="3" failures="0" timestamp="09 Oct 2018 03:26:24 GMT" time="6.676" errors="0">
  <testcase name="main" time="6.659" classname="com.gautham.Practise.MyPractise.AppTest"/>
  <testcase name="main2" time="0.0" classname="com.gautham.Practise.MyPractise.AppTest"/>
  <testcase name="main3" time="0.0" classname="com.gautham.Practise.MyPractise.AppTest"/>
</testsuite> <!-- MyTest -->
