<?xml version="1.0" encoding="UTF-8"?>
<!-- Generated by org.testng.reporters.JUnitXMLReporter -->
<testsuite hostname="LAPTOP-R8B4IRJC" ignored="0" name="MyTest" tests="1" failures="1" timestamp="09 Oct 2018 03:17:20 GMT" time="8.899" errors="0">
  <testcase name="main" time="8.882" classname="com.gautham.Practise.MyPractise.AppTest">
    <failure type="java.lang.AssertionError" message="expected [false] but found [true]">
      <![CDATA[java.lang.AssertionError: expected [false] but found [true]
at com.gautham.Practise.MyPractise.AppTest.main(AppTest.java:26)
... Removed 30 stack frames]]>
    </failure>
  </testcase> <!-- main -->
</testsuite> <!-- MyTest -->
