<?xml version="1.0" encoding="UTF-8"?>
<testng-results skipped="0" failed="0" ignored="0" total="1" passed="1">
  <reporter-output>
  </reporter-output>
  <suite name="TmpSuite" duration-ms="10416" started-at="2018-10-09T02:32:49Z" finished-at="2018-10-09T02:32:59Z">
    <groups>
    </groups>
    <test name="TmpTest" duration-ms="10416" started-at="2018-10-09T02:32:49Z" finished-at="2018-10-09T02:32:59Z">
      <class name="com.gautham.Practise.MyPractise.AppTest">
        <test-method status="PASS" signature="main()[pri:0, instance:com.gautham.Practise.MyPractise.AppTest@31ef45e3]" name="main" duration-ms="10392" started-at="2018-10-09T02:32:49Z" finished-at="2018-10-09T02:32:59Z">
          <reporter-output>
          </reporter-output>
        </test-method> <!-- main -->
      </class> <!-- com.gautham.Practise.MyPractise.AppTest -->
    </test> <!-- TmpTest -->
  </suite> <!-- TmpSuite -->
</testng-results>
